Arguments: 
  C:\Program Files\nodejs\node.exe D:\user\80002793\Application Data\npm\node_modules\yarn\bin\yarn.js start

PATH: 
  D:\java\jdk1.8.0_65\bin;D:\java\jdk1.8.0_65\jre\bin;C:\windows\system32;C:\windows;C:\windows\System32\Wbem;C:\windows\System32\WindowsPowerShell\v1.0\;C:\Program Files (x86)\Git\cmd;C:\Program Files\TortoiseGit\bin;C:\Program Files\nodejs\;C:\Program Files\MySQL\MySQL Utilities 1.6\;C:\Program Files\gits\Git\cmd;C:\Program Files\Microsoft VS Code\bin;D:\user\80002793\Application Data\npm;D:\java\maven\bin

Yarn version: 
  1.5.1

Node version: 
  8.9.1

Platform: 
  win32 x64

npm manifest: 
  {
    "private": true,
    "scripts": {
      "start": "roadhog server",
      "build": "roadhog build",
      "lint": "eslint --ext .js src test",
      "precommit": "npm run lint"
    },
    "dependencies": {
      "dva": "^2.3.2",
      "react": "^16.2.0",
      "react-dom": "^16.2.0"
    },
    "devDependencies": {
      "antd": "^3.8.0",
      "axios": "^0.18.0",
      "babel-plugin-dva-hmr": "^0.3.2",
      "eslint": "^4.14.0",
      "eslint-config-umi": "^0.1.1",
      "eslint-plugin-flowtype": "^2.34.1",
      "eslint-plugin-import": "^2.6.0",
      "eslint-plugin-jsx-a11y": "^5.1.1",
      "eslint-plugin-react": "^7.1.0",
      "husky": "^0.12.0",
      "react-document-title": "^2.0.3",
      "redbox-react": "^1.4.3",
      "roadhog": "^2.0.0"
    }
  }

yarn manifest: 
  No manifest

Lockfile: 
  No lockfile

Trace: 
  Error: Command failed.
  Exit code: 3221225786
  Command: C:\windows\system32\cmd.exe
  Arguments: /d /s /c roadhog server
  Directory: D:\git\dva-quickstart
  Output:
  
      at ProcessTermError.MessageError (D:\user\80002793\Application Data\npm\node_modules\yarn\lib\cli.js:186:110)
      at new ProcessTermError (D:\user\80002793\Application Data\npm\node_modules\yarn\lib\cli.js:226:113)
      at ChildProcess.<anonymous> (D:\user\80002793\Application Data\npm\node_modules\yarn\lib\cli.js:30281:17)
      at emitTwo (events.js:126:13)
      at ChildProcess.emit (events.js:214:7)
      at maybeClose (internal/child_process.js:925:16)
      at Process.ChildProcess._handle.onexit (internal/child_process.js:209:5)
